TN:
SF:src/app.ts
FN:26,(anonymous_1)
FN:37,init
FN:42,close
FNF:3
FNH:2
FNDA:1,(anonymous_1)
FNDA:11,init
FNDA:0,close
DA:1,11
DA:2,11
DA:3,11
DA:4,11
DA:6,11
DA:8,11
DA:10,11
DA:11,11
DA:22,11
DA:23,11
DA:26,1
DA:37,11
DA:38,11
DA:39,11
DA:42,11
DA:43,0
DA:46,11
LF:17
LH:16
BRF:0
BRH:0
end_of_record
TN:
SF:src/config/database.ts
FN:4,connectDb
FN:8,disconnectDB
FNF:2
FNH:1
FNDA:11,connectDb
FNDA:0,disconnectDB
DA:1,14
DA:4,14
DA:5,11
DA:8,14
DA:9,0
LF:5
LH:4
BRF:0
BRH:0
end_of_record
TN:
SF:src/config/envs.ts
FN:4,loadEnv
FNF:1
FNH:1
FNDA:25,loadEnv
DA:1,14
DA:2,14
DA:4,14
DA:6,25
DA:12,25
DA:13,25
LF:6
LH:6
BRDA:6,0,0,25
BRDA:6,0,1,0
BRDA:8,1,0,0
BRDA:8,1,1,0
BRF:4
BRH:1
end_of_record
TN:
SF:src/config/index.ts
FNF:0
FNH:0
DA:1,14
DA:2,14
LF:2
LH:2
BRF:0
BRH:0
end_of_record
TN:
SF:src/controllers/authentication-controller.ts
FN:4,singInPost
FNF:1
FNH:1
FNDA:5,singInPost
DA:1,11
DA:3,11
DA:4,11
DA:5,5
DA:7,5
DA:8,5
DA:10,3
DA:12,2
LF:8
LH:8
BRF:0
BRH:0
end_of_record
TN:
SF:src/controllers/bookings-controller.ts
FN:6,getBooking
FN:17,postBooking
FN:41,updateBooking
FNF:3
FNH:3
FNDA:2,getBooking
FNDA:6,postBooking
FNDA:5,updateBooking
DA:3,11
DA:4,11
DA:6,11
DA:7,2
DA:9,2
DA:10,2
DA:11,1
DA:13,1
DA:17,11
DA:18,6
DA:19,6
DA:21,6
DA:26,6
DA:27,6
DA:29,1
DA:31,5
DA:32,1
DA:34,4
DA:35,4
DA:37,0
DA:41,11
DA:42,5
DA:43,5
DA:44,5
DA:45,5
DA:47,5
DA:52,5
DA:53,5
DA:54,1
DA:56,4
DA:57,1
DA:59,3
DA:60,3
DA:62,0
LF:34
LH:32
BRDA:31,0,0,1
BRDA:34,1,0,4
BRDA:56,2,0,1
BRDA:59,3,0,3
BRF:4
BRH:4
end_of_record
TN:
SF:src/controllers/enrollments-controller.ts
FN:6,getEnrollmentByUser
FN:18,postCreateOrUpdateEnrollment
FN:31,getAddressFromCEP
FNF:3
FNH:3
FNDA:2,getEnrollmentByUser
FNDA:2,postCreateOrUpdateEnrollment
FNDA:2,getAddressFromCEP
DA:2,11
DA:4,11
DA:6,11
DA:7,2
DA:9,2
DA:10,2
DA:12,1
DA:14,1
DA:18,11
DA:19,2
DA:20,2
DA:25,2
DA:27,0
DA:31,11
DA:32,2
DA:34,2
DA:35,2
DA:36,1
DA:38,1
DA:39,1
LF:20
LH:19
BRDA:38,0,0,1
BRF:1
BRH:1
end_of_record
TN:
SF:src/controllers/events-controller.ts
FN:5,getDefaultEvent
FNF:1
FNH:1
FNDA:2,getDefaultEvent
DA:1,11
DA:3,11
DA:5,11
DA:6,2
DA:7,2
DA:8,1
DA:10,1
LF:7
LH:7
BRF:0
BRH:0
end_of_record
TN:
SF:src/controllers/hotel-controller.ts
FN:6,getHotels
FN:20,getHotelsWithRooms
FNF:2
FNH:2
FNDA:4,getHotels
FNDA:5,getHotelsWithRooms
DA:3,11
DA:4,11
DA:6,11
DA:7,4
DA:9,4
DA:10,4
DA:11,2
DA:13,2
DA:14,1
DA:16,1
DA:20,11
DA:21,5
DA:22,5
DA:24,5
DA:25,5
DA:27,2
DA:29,3
DA:30,2
DA:32,1
DA:33,1
DA:35,0
LF:21
LH:20
BRDA:13,0,0,1
BRDA:29,1,0,2
BRDA:32,2,0,1
BRF:3
BRH:3
end_of_record
TN:
SF:src/controllers/index.ts
FNF:0
FNH:0
DA:1,11
DA:2,11
DA:3,11
DA:4,11
DA:5,11
DA:6,11
DA:7,11
DA:8,11
LF:8
LH:8
BRF:0
BRH:0
end_of_record
TN:
SF:src/controllers/payments-controller.ts
FN:6,getPaymentByTicketId
FN:28,paymentProcess
FNF:2
FNH:2
FNDA:4,getPaymentByTicketId
FNDA:7,paymentProcess
DA:2,11
DA:4,11
DA:6,11
DA:7,4
DA:8,4
DA:9,4
DA:11,4
DA:12,1
DA:14,3
DA:16,1
DA:17,0
DA:19,1
DA:21,2
DA:22,1
DA:24,1
DA:28,11
DA:29,7
DA:30,7
DA:34,7
DA:36,7
DA:37,2
DA:39,5
DA:41,3
DA:42,0
DA:45,3
DA:47,2
DA:48,1
DA:50,1
LF:28
LH:26
BRDA:11,0,0,1
BRDA:16,1,0,0
BRDA:21,2,0,1
BRDA:36,3,0,2
BRDA:36,4,0,7
BRDA:36,4,1,6
BRDA:41,5,0,0
BRDA:47,6,0,1
BRF:8
BRH:6
end_of_record
TN:
SF:src/controllers/tickets-controller.ts
FN:6,getTicketTypes
FN:16,getTickets
FN:28,createTicket
FNF:3
FNH:3
FNDA:2,getTicketTypes
FNDA:3,getTickets
FNDA:4,createTicket
DA:2,11
DA:4,11
DA:6,11
DA:7,2
DA:8,2
DA:10,2
DA:12,0
DA:16,11
DA:17,3
DA:19,3
DA:20,3
DA:22,1
DA:24,2
DA:28,11
DA:29,4
DA:32,4
DA:34,4
DA:35,1
DA:38,3
DA:39,3
DA:41,2
DA:43,1
LF:22
LH:21
BRDA:34,0,0,1
BRF:1
BRH:1
end_of_record
TN:
SF:src/controllers/users-controller.ts
FN:5,usersPost
FNF:1
FNH:1
FNDA:6,usersPost
DA:1,11
DA:3,11
DA:5,11
DA:6,6
DA:8,6
DA:9,6
DA:10,3
DA:15,3
DA:16,1
DA:18,2
LF:10
LH:10
BRDA:15,0,0,1
BRF:1
BRH:1
end_of_record
TN:
SF:src/errors/cannot-book-error.ts
FN:3,cannotCreateBookingError
FNF:1
FNH:1
FNDA:7,cannotCreateBookingError
DA:3,11
DA:4,7
LF:2
LH:2
BRF:0
BRH:0
end_of_record
TN:
SF:src/errors/cannot-enroll-before-start-date-error.ts
FN:3,cannotEnrollBeforeStartDateError
FNF:1
FNH:1
FNDA:2,cannotEnrollBeforeStartDateError
DA:3,11
DA:4,2
LF:2
LH:2
BRF:0
BRH:0
end_of_record
TN:
SF:src/errors/cannot-list-hotels-error.ts
FN:3,cannotListHotelsError
FNF:1
FNH:1
FNDA:2,cannotListHotelsError
DA:3,11
DA:4,2
LF:2
LH:2
BRF:0
BRH:0
end_of_record
TN:
SF:src/errors/conflict-error.ts
FN:3,conflictError
FNF:1
FNH:0
FNDA:0,conflictError
DA:3,11
DA:4,0
LF:2
LH:1
BRF:0
BRH:0
end_of_record
TN:
SF:src/errors/index.ts
FNF:0
FNH:0
DA:1,11
DA:2,11
DA:3,11
DA:4,11
DA:5,11
DA:6,11
DA:7,11
DA:8,11
LF:8
LH:8
BRF:0
BRH:0
end_of_record
TN:
SF:src/errors/invalid-data-error.ts
FN:3,invalidDataError
FNF:1
FNH:1
FNDA:11,invalidDataError
DA:3,11
DA:4,11
LF:2
LH:2
BRF:0
BRH:0
end_of_record
TN:
SF:src/errors/invalid-email-error.ts
FN:3,invalidEmailError
FNF:1
FNH:0
FNDA:0,invalidEmailError
DA:3,11
DA:4,0
LF:2
LH:1
BRF:0
BRH:0
end_of_record
TN:
SF:src/errors/not-found-error.ts
FN:3,notFoundError
FNF:1
FNH:1
FNDA:14,notFoundError
DA:3,11
DA:4,14
LF:2
LH:2
BRF:0
BRH:0
end_of_record
TN:
SF:src/errors/request-error.ts
FN:3,requestError
FNF:1
FNH:1
FNDA:1,requestError
DA:3,11
DA:4,1
LF:2
LH:2
BRF:0
BRH:0
end_of_record
TN:
SF:src/errors/unauthorized-error.ts
FN:3,unauthorizedError
FNF:1
FNH:1
FNDA:38,unauthorizedError
DA:3,11
DA:4,38
LF:2
LH:2
BRF:0
BRH:0
end_of_record
TN:
SF:src/middlewares/authentication-middleware.ts
FN:8,authenticateToken
FN:33,generateUnauthorizedResponse
FNF:2
FNH:2
FNDA:89,authenticateToken
FNDA:36,generateUnauthorizedResponse
DA:2,11
DA:3,11
DA:5,11
DA:6,11
DA:8,11
DA:9,89
DA:10,89
DA:12,77
DA:13,77
DA:15,77
DA:16,77
DA:18,65
DA:23,65
DA:25,53
DA:27,53
DA:29,12
DA:34,36
LF:17
LH:17
BRDA:10,0,0,12
BRDA:13,1,0,0
BRDA:23,2,0,12
BRF:3
BRH:2
end_of_record
TN:
SF:src/middlewares/error-handling-middleware.ts
FN:5,handleApplicationErrors
FNF:1
FNH:0
FNDA:0,handleApplicationErrors
DA:3,11
DA:5,11
DA:6,0
DA:7,0
DA:12,0
DA:13,0
DA:18,0
DA:19,0
DA:24,0
DA:25,0
DA:30,0
DA:31,0
DA:37,0
DA:38,0
LF:14
LH:2
BRDA:6,0,0,0
BRDA:12,1,0,0
BRDA:12,2,0,0
BRDA:12,2,1,0
BRDA:18,3,0,0
BRDA:24,4,0,0
BRDA:30,5,0,0
BRF:7
BRH:0
end_of_record
TN:
SF:src/middlewares/index.ts
FNF:0
FNH:0
DA:1,11
DA:2,11
DA:3,11
LF:3
LH:3
BRF:0
BRH:0
end_of_record
TN:
SF:src/middlewares/validation-middleware.ts
FN:6,validateBody
FN:10,validateParams
FN:14,validate
FN:15,(anonymous_4)
FN:23,(anonymous_5)
FNF:5
FNH:4
FNDA:55,validateBody
FNDA:0,validateParams
FNDA:55,validate
FNDA:35,(anonymous_4)
FNDA:29,(anonymous_5)
DA:1,11
DA:3,11
DA:6,11
DA:7,55
DA:10,11
DA:11,0
DA:15,55
DA:16,35
DA:20,35
DA:21,24
DA:23,29
LF:11
LH:10
BRDA:20,0,0,24
BRDA:20,0,1,11
BRF:2
BRH:2
end_of_record
TN:
SF:src/repositories/address-repository/index.ts
FN:4,upsert
FNF:1
FNH:1
FNDA:2,upsert
DA:1,11
DA:5,2
DA:20,11
DA:24,11
LF:4
LH:4
BRF:0
BRH:0
end_of_record
TN:
SF:src/repositories/bookings-repository/index.ts
FN:4,findBooking
FN:11,findRoom
FN:20,createBooking
FN:26,updateBooking
FNF:4
FNH:4
FNDA:7,findBooking
FNDA:6,findRoom
FNDA:1,createBooking
FNDA:1,updateBooking
DA:1,11
DA:5,7
DA:12,6
DA:21,1
DA:27,1
DA:33,11
DA:40,11
LF:7
LH:7
BRF:0
BRH:0
end_of_record
TN:
SF:src/repositories/enrollment-repository/index.ts
FN:4,findWithAddressByUserId
FN:13,findById
FN:19,upsert
FNF:3
FNH:3
FNDA:23,findWithAddressByUserId
FNDA:6,findById
FNDA:2,upsert
DA:1,11
DA:5,23
DA:14,6
DA:24,2
DA:36,11
DA:42,11
LF:6
LH:6
BRF:0
BRH:0
end_of_record
TN:
SF:src/repositories/event-repository/index.ts
FN:3,findFirst
FNF:1
FNH:1
FNDA:11,findFirst
DA:1,11
DA:4,11
DA:7,11
DA:11,11
LF:4
LH:4
BRF:0
BRH:0
end_of_record
TN:
SF:src/repositories/hotel-repository/index.ts
FN:3,findHotels
FN:7,findRoomsByHotelId
FNF:2
FNH:2
FNDA:2,findHotels
FNDA:3,findRoomsByHotelId
DA:1,11
DA:4,2
DA:8,3
DA:18,11
DA:23,11
LF:5
LH:5
BRF:0
BRH:0
end_of_record
TN:
SF:src/repositories/payment-repository/index.ts
FN:4,findPaymentByTicketId
FN:12,createPayment
FNF:2
FNH:2
FNDA:1,findPaymentByTicketId
FNDA:3,createPayment
DA:1,11
DA:5,1
DA:13,3
DA:23,11
DA:28,11
LF:5
LH:5
BRF:0
BRH:0
end_of_record
TN:
SF:src/repositories/session-repository/index.ts
FN:4,create
FNF:1
FNH:1
FNDA:5,create
DA:1,11
DA:5,5
DA:10,11
DA:14,11
LF:4
LH:4
BRF:0
BRH:0
end_of_record
TN:
SF:src/repositories/ticket-repository/index.ts
FN:4,findTicketTypes
FN:8,findTickeyById
FN:18,findTickeWithTypeById
FN:29,findTicketByEnrollmentId
FN:40,createTicket
FN:48,ticketProcessPayment
FNF:6
FNH:6
FNDA:2,findTicketTypes
FNDA:8,findTickeyById
FNDA:3,findTickeWithTypeById
FNDA:16,findTicketByEnrollmentId
FNDA:2,createTicket
FNDA:3,ticketProcessPayment
DA:1,11
DA:2,11
DA:5,2
DA:9,8
DA:19,3
DA:30,16
DA:41,2
DA:49,3
DA:61,11
DA:70,11
LF:10
LH:10
BRF:0
BRH:0
end_of_record
TN:
SF:src/repositories/user-repository/index.ts
FN:4,findByEmail
FN:18,create
FNF:2
FNH:2
FNDA:16,findByEmail
FNDA:5,create
DA:1,11
DA:5,16
DA:11,16
DA:12,9
DA:15,16
DA:19,5
DA:24,11
DA:29,11
LF:8
LH:8
BRDA:11,0,0,9
BRF:1
BRH:1
end_of_record
TN:
SF:src/routers/authentication-router.ts
FNF:0
FNH:0
DA:1,11
DA:2,11
DA:3,11
DA:4,11
DA:6,11
DA:8,11
DA:10,11
LF:7
LH:7
BRF:0
BRH:0
end_of_record
TN:
SF:src/routers/bookings-router.ts
FNF:0
FNH:0
DA:1,11
DA:2,11
DA:3,11
DA:4,11
DA:6,11
DA:8,11
DA:14,11
LF:7
LH:7
BRF:0
BRH:0
end_of_record
TN:
SF:src/routers/enrollments-router.ts
FNF:0
FNH:0
DA:1,11
DA:2,11
DA:3,11
DA:4,11
DA:6,11
DA:8,11
DA:14,11
LF:7
LH:7
BRF:0
BRH:0
end_of_record
TN:
SF:src/routers/events-router.ts
FNF:0
FNH:0
DA:1,11
DA:2,11
DA:4,11
DA:6,11
DA:8,11
LF:5
LH:5
BRF:0
BRH:0
end_of_record
TN:
SF:src/routers/hotels-router.ts
FNF:0
FNH:0
DA:1,11
DA:2,11
DA:3,11
DA:5,11
DA:7,11
DA:12,11
LF:6
LH:6
BRF:0
BRH:0
end_of_record
TN:
SF:src/routers/index.ts
FNF:0
FNH:0
DA:1,11
DA:2,11
DA:3,11
DA:4,11
DA:5,11
DA:6,11
DA:7,11
DA:8,11
LF:8
LH:8
BRF:0
BRH:0
end_of_record
TN:
SF:src/routers/payments-router.ts
FNF:0
FNH:0
DA:1,11
DA:2,11
DA:3,11
DA:5,11
DA:7,11
DA:12,11
LF:6
LH:6
BRF:0
BRH:0
end_of_record
TN:
SF:src/routers/tickets-router.ts
FNF:0
FNH:0
DA:1,11
DA:2,11
DA:3,11
DA:5,11
DA:7,11
DA:13,11
LF:6
LH:6
BRF:0
BRH:0
end_of_record
TN:
SF:src/routers/users-router.ts
FNF:0
FNH:0
DA:1,11
DA:3,11
DA:4,11
DA:5,11
DA:7,11
DA:9,11
DA:11,11
LF:7
LH:7
BRF:0
BRH:0
end_of_record
TN:
SF:src/schemas/authentication-schemas.ts
FNF:0
FNH:0
DA:2,14
DA:4,14
LF:2
LH:2
BRF:0
BRH:0
end_of_record
TN:
SF:src/schemas/booking-schema.ts
FNF:0
FNH:0
DA:2,11
DA:4,11
LF:2
LH:2
BRF:0
BRH:0
end_of_record
TN:
SF:src/schemas/enrollments-schemas.ts
FN:23,(anonymous_1)
FN:30,joiCpfValidation
FN:40,JoiCepValidation
FN:50,joiMobilePhoneValidation
FNF:4
FNH:4
FNDA:378,(anonymous_1)
FNDA:29,joiCpfValidation
FNDA:19,JoiCepValidation
FNDA:23,joiMobilePhoneValidation
DA:2,14
DA:3,14
DA:5,14
DA:7,14
DA:9,14
DA:11,14
DA:23,378
DA:31,29
DA:33,29
DA:34,1
DA:37,28
DA:41,19
DA:43,19
DA:44,1
DA:47,18
DA:51,23
DA:53,23
DA:54,0
DA:57,23
LF:19
LH:18
BRDA:31,0,0,0
BRDA:33,1,0,1
BRDA:41,2,0,0
BRDA:43,3,0,1
BRDA:51,4,0,0
BRDA:53,5,0,0
BRF:6
BRH:2
end_of_record
TN:
SF:src/schemas/index.ts
FNF:0
FNH:0
DA:1,14
DA:2,14
DA:3,14
LF:3
LH:3
BRF:0
BRH:0
end_of_record
TN:
SF:src/schemas/users-schemas.ts
FNF:0
FNH:0
DA:2,14
DA:4,14
LF:2
LH:2
BRF:0
BRH:0
end_of_record
TN:
SF:src/services/authentication-service/errors.ts
FN:3,invalidCredentialsError
FNF:1
FNH:1
FNDA:6,invalidCredentialsError
DA:3,11
DA:4,6
LF:2
LH:2
BRF:0
BRH:0
end_of_record
TN:
SF:src/services/authentication-service/index.ts
FN:9,signIn
FN:24,getUserOrFail
FN:31,createSession
FN:41,validatePasswordOrFail
FNF:4
FNH:4
FNDA:9,signIn
FNDA:9,getUserOrFail
FNDA:5,createSession
FNDA:7,validatePasswordOrFail
DA:1,11
DA:2,11
DA:3,11
DA:5,11
DA:6,11
DA:7,11
DA:10,9
DA:12,9
DA:14,7
DA:16,5
DA:18,5
DA:25,9
DA:26,9
DA:28,7
DA:32,5
DA:33,5
DA:38,5
DA:42,7
DA:43,7
DA:55,11
DA:59,11
DA:60,11
LF:22
LH:22
BRDA:26,0,0,2
BRDA:43,1,0,2
BRF:2
BRH:2
end_of_record
TN:
SF:src/services/bookings-service/index.ts
FN:7,findBookingService
FN:16,createBookingService
FN:40,updateBookingService
FN:54,roomExistsAndIsVacant
FNF:4
FNH:4
FNDA:2,findBookingService
FNDA:6,createBookingService
FNDA:5,updateBookingService
FNDA:6,roomExistsAndIsVacant
DA:1,11
DA:2,11
DA:3,11
DA:4,11
DA:5,11
DA:8,2
DA:10,2
DA:11,1
DA:13,1
DA:17,6
DA:19,6
DA:20,1
DA:23,5
DA:25,5
DA:31,2
DA:34,3
DA:36,1
DA:37,1
DA:41,5
DA:43,5
DA:44,2
DA:47,3
DA:49,1
DA:51,1
DA:55,6
DA:57,6
DA:58,2
DA:61,4
DA:62,2
DA:68,11
DA:74,11
LF:31
LH:31
BRDA:10,0,0,1
BRDA:19,1,0,1
BRDA:25,2,0,2
BRDA:26,3,0,5
BRDA:26,3,1,5
BRDA:26,3,2,4
BRDA:26,3,3,3
BRDA:43,4,0,2
BRDA:43,5,0,5
BRDA:43,5,1,3
BRDA:57,6,0,2
BRDA:61,7,0,2
BRF:12
BRH:12
end_of_record
TN:
SF:src/services/enrollments-service/index.ts
FN:9,getAddressFromCEP
FN:35,getOneWithAddressByUserId
FN:51,getFirstAddress
FN:59,createOrUpdateEnrollmentWithAddress
FN:75,getAddressForUpsert
FNF:5
FNH:5
FNDA:4,getAddressFromCEP
FNDA:2,getOneWithAddressByUserId
FNDA:1,getFirstAddress
FNDA:2,createOrUpdateEnrollmentWithAddress
FNDA:2,getAddressForUpsert
DA:2,11
DA:3,11
DA:4,11
DA:5,11
DA:6,11
DA:10,4
DA:12,4
DA:13,1
DA:22,3
DA:24,3
DA:32,3
DA:36,2
DA:38,2
DA:40,1
DA:41,1
DA:43,1
DA:52,1
DA:54,1
DA:60,2
DA:61,2
DA:65,2
DA:66,2
DA:67,0
DA:70,2
DA:72,2
DA:76,2
DA:86,11
DA:92,11
LF:28
LH:27
BRDA:12,0,0,1
BRDA:38,1,0,1
BRDA:45,2,0,1
BRDA:45,2,1,1
BRDA:52,3,0,0
BRDA:66,4,0,0
BRDA:78,5,0,2
BRDA:78,5,1,2
BRF:8
BRH:6
end_of_record
TN:
SF:src/services/events-service/index.ts
FN:7,getFirstEvent
FN:16,isCurrentEventActive
FNF:2
FNH:2
FNDA:2,getFirstEvent
FNDA:9,isCurrentEventActive
DA:1,11
DA:2,11
DA:3,11
DA:5,11
DA:8,2
DA:9,2
DA:11,1
DA:17,9
DA:18,9
DA:20,8
DA:21,8
DA:22,8
DA:24,8
DA:27,11
DA:32,11
LF:15
LH:15
BRDA:9,0,0,1
BRDA:18,1,0,1
BRDA:24,2,0,8
BRDA:24,2,1,7
BRF:4
BRH:4
end_of_record
TN:
SF:src/services/hotels-service/index.ts
FN:7,listHotels
FN:21,getHotels
FN:28,getHotelsWithRooms
FNF:3
FNH:3
FNDA:9,listHotels
FNDA:4,getHotels
FNDA:5,getHotelsWithRooms
DA:1,11
DA:2,11
DA:3,11
DA:4,11
DA:5,11
DA:9,9
DA:10,9
DA:11,2
DA:14,7
DA:16,7
DA:17,2
DA:22,4
DA:24,2
DA:25,2
DA:29,5
DA:30,3
DA:32,3
DA:33,1
DA:35,2
DA:38,11
DA:43,11
LF:21
LH:21
BRDA:10,0,0,2
BRDA:16,1,0,2
BRDA:16,2,0,7
BRDA:16,2,1,7
BRDA:16,2,2,7
BRDA:16,2,3,5
BRDA:32,3,0,1
BRF:7
BRH:7
end_of_record
TN:
SF:src/services/payments-service/index.ts
FN:6,verifyTicketAndEnrollment
FN:19,getPaymentByTicketId
FN:30,paymentProcess
FNF:3
FNH:3
FNDA:8,verifyTicketAndEnrollment
FNDA:3,getPaymentByTicketId
FNDA:5,paymentProcess
DA:1,11
DA:2,11
DA:3,11
DA:4,11
DA:7,8
DA:9,8
DA:10,2
DA:12,6
DA:14,6
DA:15,2
DA:20,3
DA:22,1
DA:24,1
DA:25,0
DA:27,1
DA:31,5
DA:33,3
DA:35,3
DA:42,3
DA:44,3
DA:46,3
DA:57,11
DA:62,11
LF:23
LH:22
BRDA:9,0,0,2
BRDA:14,1,0,2
BRDA:24,2,0,0
BRF:3
BRH:2
end_of_record
TN:
SF:src/services/tickets-service/index.ts
FN:6,getTicketTypes
FN:15,getTicketByUserId
FN:28,createTicket
FNF:3
FNH:3
FNDA:2,getTicketTypes
FNDA:3,getTicketByUserId
FNDA:3,createTicket
DA:1,11
DA:2,11
DA:3,11
DA:4,11
DA:7,2
DA:9,2
DA:10,0
DA:12,2
DA:16,3
DA:17,3
DA:18,1
DA:20,2
DA:21,2
DA:22,1
DA:25,1
DA:29,3
DA:30,3
DA:31,1
DA:34,2
DA:40,2
DA:42,2
DA:44,2
DA:47,11
DA:53,11
LF:24
LH:23
BRDA:9,0,0,0
BRDA:17,1,0,1
BRDA:21,2,0,1
BRDA:30,3,0,1
BRF:4
BRH:3
end_of_record
TN:
SF:src/services/users-service/errors.ts
FN:3,duplicatedEmailError
FNF:1
FNH:1
FNDA:4,duplicatedEmailError
DA:3,11
DA:4,4
LF:2
LH:2
BRF:0
BRH:0
end_of_record
TN:
SF:src/services/users-service/index.ts
FN:8,createUser
FN:20,validateUniqueEmailOrFail
FN:27,canEnrollOrFail
FNF:3
FNH:3
FNDA:9,createUser
FNDA:7,validateUniqueEmailOrFail
FNDA:9,canEnrollOrFail
DA:1,11
DA:2,11
DA:4,11
DA:5,11
DA:6,11
DA:8,11
DA:9,9
DA:11,7
DA:13,5
DA:14,5
DA:21,7
DA:22,7
DA:23,2
DA:28,9
DA:29,9
DA:30,2
DA:36,11
DA:40,11
DA:41,11
LF:19
LH:19
BRDA:22,0,0,2
BRDA:29,1,0,2
BRF:2
BRH:2
end_of_record
TN:
SF:src/utils/cep-service.ts
FN:4,getAddress
FNF:1
FNH:1
FNDA:4,getAddress
DA:2,11
DA:5,4
DA:6,4
DA:10,11
LF:4
LH:4
BRF:0
BRH:0
end_of_record
TN:
SF:src/utils/prisma-utils.ts
FN:1,exclude
FNF:1
FNH:1
FNDA:12,exclude
DA:1,11
DA:2,12
DA:3,12
DA:4,18
DA:6,12
LF:5
LH:5
BRF:0
BRH:0
end_of_record
TN:
SF:src/utils/request.ts
FN:4,get
FNF:1
FNH:1
FNDA:4,get
DA:1,11
DA:2,11
DA:5,4
DA:6,4
DA:7,3
DA:12,1
DA:14,1
DA:18,11
LF:8
LH:8
BRF:0
BRH:0
end_of_record
TN:
SF:tests/helpers.ts
FN:8,cleanDb
FN:22,generateValidToken
FNF:2
FNH:2
FNDA:82,cleanDb
FNDA:53,generateValidToken
DA:1,10
DA:4,10
DA:5,10
DA:6,10
DA:8,10
DA:9,82
DA:10,82
DA:11,82
DA:12,82
DA:13,82
DA:14,82
DA:15,82
DA:16,82
DA:17,82
DA:18,82
DA:19,82
DA:22,10
DA:23,53
DA:24,53
DA:26,53
DA:28,53
LF:21
LH:21
BRDA:23,0,0,53
BRDA:23,0,1,9
BRF:2
BRH:2
end_of_record
TN:
SF:tests/factories/bookings-factory.ts
FN:4,createNewBooking
FNF:1
FNH:1
FNDA:11,createNewBooking
DA:1,10
DA:4,10
DA:5,11
LF:3
LH:3
BRDA:4,0,0,0
BRF:1
BRH:0
end_of_record
TN:
SF:tests/factories/enrollments-factory.ts
FN:8,createEnrollmentWithAddress
FN:35,createhAddressWithCEP
FNF:2
FNH:2
FNDA:38,createEnrollmentWithAddress
FNDA:1,createhAddressWithCEP
DA:1,10
DA:2,10
DA:5,10
DA:6,10
DA:8,10
DA:9,38
DA:11,38
DA:35,10
DA:36,1
LF:9
LH:9
BRDA:9,0,0,38
BRDA:9,0,1,0
BRF:2
BRH:1
end_of_record
TN:
SF:tests/factories/events-factory.ts
FN:6,createEvent
FNF:1
FNH:1
FNDA:4,createEvent
DA:1,10
DA:2,10
DA:4,10
DA:6,10
DA:7,4
LF:5
LH:5
BRDA:6,0,0,3
BRDA:9,1,0,4
BRDA:9,1,1,4
BRDA:10,2,0,4
BRDA:10,2,1,4
BRDA:11,3,0,4
BRDA:11,3,1,4
BRDA:12,4,0,4
BRDA:12,4,1,3
BRDA:13,5,0,4
BRDA:13,5,1,4
BRF:11
BRH:11
end_of_record
TN:
SF:tests/factories/hotels-factory.ts
FN:5,createHotel
FN:14,createRoomWithHotelId
FNF:2
FNH:2
FNDA:16,createHotel
FNDA:16,createRoomWithHotelId
DA:1,10
DA:2,10
DA:5,10
DA:6,16
DA:14,10
DA:15,16
LF:6
LH:6
BRF:0
BRH:0
end_of_record
TN:
SF:tests/factories/index.ts
FNF:0
FNH:0
DA:1,10
DA:2,10
DA:3,10
DA:4,10
DA:5,10
DA:6,10
DA:7,10
DA:8,10
LF:8
LH:8
BRF:0
BRH:0
end_of_record
TN:
SF:tests/factories/payments-factory.ts
FN:4,createPayment
FN:15,generateCreditCardData
FNF:2
FNH:2
FNDA:13,createPayment
FNDA:6,generateCreditCardData
DA:1,10
DA:2,10
DA:4,10
DA:5,13
DA:15,10
DA:16,6
DA:18,6
LF:7
LH:7
BRF:0
BRH:0
end_of_record
TN:
SF:tests/factories/sessions-factory.ts
FN:5,createSession
FNF:1
FNH:1
FNDA:53,createSession
DA:2,10
DA:3,10
DA:5,10
DA:6,53
DA:8,53
LF:5
LH:5
BRF:0
BRH:0
end_of_record
TN:
SF:tests/factories/tickets-factory.ts
FN:5,createTicketType
FN:16,createTicketTypeRemote
FN:27,createTicketTypeWithHotel
FN:38,createTicket
FNF:4
FNH:4
FNDA:14,createTicketType
FNDA:5,createTicketTypeRemote
FNDA:16,createTicketTypeWithHotel
FNDA:28,createTicket
DA:1,10
DA:2,10
DA:5,10
DA:6,14
DA:16,10
DA:17,5
DA:27,10
DA:28,16
DA:38,10
DA:39,28
LF:10
LH:10
BRF:0
BRH:0
end_of_record
TN:
SF:tests/factories/users-factory.ts
FN:6,createUser
FNF:1
FNH:1
FNDA:136,createUser
DA:1,10
DA:2,10
DA:4,10
DA:6,10
DA:7,136
DA:8,136
DA:10,136
LF:7
LH:7
BRDA:6,0,0,128
BRDA:7,1,0,136
BRDA:7,1,1,128
BRDA:12,2,0,136
BRDA:12,2,1,128
BRF:5
BRH:5
end_of_record
